{"C:\\Users\\orbac\\VS Projects\\Matala_1_webapp\\Web_App_Assignments\\src\\server.ts": {"path":"C:\\Users\\orbac\\VS Projects\\Matala_1_webapp\\Web_App_Assignments\\src\\server.ts","statementMap":{"0":{"start":{"line":1,"column":0},"end":{"line":1,"column":43}},"1":{"start":{"line":2,"column":0},"end":{"line":2,"column":28}},"2":{"start":{"line":3,"column":0},"end":{"line":3,"column":32}},"3":{"start":{"line":4,"column":0},"end":{"line":4,"column":37}},"4":{"start":{"line":5,"column":0},"end":{"line":5,"column":47}},"5":{"start":{"line":6,"column":0},"end":{"line":6,"column":54}},"6":{"start":{"line":7,"column":0},"end":{"line":7,"column":46}},"7":{"start":{"line":8,"column":0},"end":{"line":8,"column":41}},"8":{"start":{"line":9,"column":0},"end":{"line":9,"column":43}},"9":{"start":{"line":12,"column":0},"end":{"line":12,"column":16}},"10":{"start":{"line":13,"column":12},"end":{"line":13,"column":21}},"11":{"start":{"line":15,"column":0},"end":{"line":15,"column":27}},"12":{"start":{"line":16,"column":0},"end":{"line":16,"column":51}},"13":{"start":{"line":17,"column":0},"end":{"line":17,"column":30}},"14":{"start":{"line":18,"column":0},"end":{"line":18,"column":37}},"15":{"start":{"line":19,"column":0},"end":{"line":19,"column":29}},"16":{"start":{"line":21,"column":16},"end":{"line":32,"column":2}},"17":{"start":{"line":33,"column":14},"end":{"line":33,"column":35}},"18":{"start":{"line":34,"column":0},"end":{"line":34,"column":62}},"19":{"start":{"line":37,"column":16},"end":{"line":52,"column":2}},"20":{"start":{"line":37,"column":27},"end":{"line":52,"column":2}},"21":{"start":{"line":38,"column":4},"end":{"line":51,"column":7}},"22":{"start":{"line":39,"column":19},"end":{"line":39,"column":38}},"23":{"start":{"line":40,"column":8},"end":{"line":40,"column":60}},"24":{"start":{"line":40,"column":36},"end":{"line":40,"column":57}},"25":{"start":{"line":41,"column":8},"end":{"line":43,"column":11}},"26":{"start":{"line":42,"column":12},"end":{"line":42,"column":null}},"27":{"start":{"line":44,"column":8},"end":{"line":50,"column":9}},"28":{"start":{"line":45,"column":12},"end":{"line":45,"column":36}},"29":{"start":{"line":47,"column":12},"end":{"line":49,"column":15}},"30":{"start":{"line":48,"column":16},"end":{"line":48,"column":29}},"31":{"start":{"line":53,"column":0},"end":{"line":53,"column":23}}},"fnMap":{"0":{"name":"(anonymous_8)","decl":{"start":{"line":37,"column":16},"end":{"line":37,"column":25}},"loc":{"start":{"line":37,"column":27},"end":{"line":52,"column":2}}},"1":{"name":"(anonymous_9)","decl":{"start":{"line":37,"column":27},"end":{"line":37,"column":null}},"loc":{"start":{"line":37,"column":27},"end":{"line":52,"column":1}}},"2":{"name":"(anonymous_10)","decl":{"start":{"line":38,"column":32},"end":{"line":38,"column":33}},"loc":{"start":{"line":38,"column":52},"end":{"line":51,"column":5}}},"3":{"name":"(anonymous_11)","decl":{"start":{"line":40,"column":23},"end":{"line":40,"column":24}},"loc":{"start":{"line":40,"column":33},"end":{"line":40,"column":58}}},"4":{"name":"(anonymous_12)","decl":{"start":{"line":41,"column":24},"end":{"line":41,"column":null}},"loc":{"start":{"line":41,"column":24},"end":{"line":43,"column":9}}},"5":{"name":"(anonymous_13)","decl":{"start":{"line":47,"column":58},"end":{"line":47,"column":61}},"loc":{"start":{"line":47,"column":63},"end":{"line":49,"column":13}}}},"branchMap":{"0":{"loc":{"start":{"line":44,"column":8},"end":{"line":50,"column":9}},"type":"if","locations":[{"start":{"line":44,"column":8},"end":{"line":50,"column":9}},{"start":{"line":46,"column":15},"end":{"line":50,"column":9}}]}},"s":{"0":3,"1":3,"2":3,"3":3,"4":3,"5":3,"6":3,"7":3,"8":3,"9":3,"10":3,"11":3,"12":3,"13":3,"14":3,"15":3,"16":3,"17":3,"18":3,"19":3,"20":3,"21":3,"22":3,"23":3,"24":0,"25":3,"26":3,"27":3,"28":0,"29":3,"30":3,"31":3},"f":{"0":3,"1":3,"2":3,"3":0,"4":3,"5":3},"b":{"0":[0,3]}}
,"C:\\Users\\orbac\\VS Projects\\Matala_1_webapp\\Web_App_Assignments\\src\\controllers\\auth_controller.ts": {"path":"C:\\Users\\orbac\\VS Projects\\Matala_1_webapp\\Web_App_Assignments\\src\\controllers\\auth_controller.ts","statementMap":{"0":{"start":{"line":2,"column":0},"end":{"line":2,"column":46}},"1":{"start":{"line":3,"column":0},"end":{"line":3,"column":29}},"2":{"start":{"line":4,"column":0},"end":{"line":4,"column":31}},"3":{"start":{"line":6,"column":17},"end":{"line":26,"column":2}},"4":{"start":{"line":6,"column":55},"end":{"line":26,"column":2}},"5":{"start":{"line":7,"column":18},"end":{"line":7,"column":32}},"6":{"start":{"line":8,"column":21},"end":{"line":8,"column":38}},"7":{"start":{"line":9,"column":4},"end":{"line":12,"column":5}},"8":{"start":{"line":10,"column":8},"end":{"line":10,"column":64}},"9":{"start":{"line":11,"column":8},"end":{"line":11,"column":15}},"10":{"start":{"line":13,"column":4},"end":{"line":25,"column":5}},"11":{"start":{"line":14,"column":21},"end":{"line":14,"column":46}},"12":{"start":{"line":15,"column":31},"end":{"line":15,"column":65}},"13":{"start":{"line":16,"column":21},"end":{"line":19,"column":10}},"14":{"start":{"line":20,"column":8},"end":{"line":20,"column":35}},"15":{"start":{"line":21,"column":8},"end":{"line":21,"column":15}},"16":{"start":{"line":23,"column":8},"end":{"line":23,"column":34}},"17":{"start":{"line":24,"column":8},"end":{"line":24,"column":15}},"18":{"start":{"line":30,"column":23},"end":{"line":53,"column":1}},"19":{"start":{"line":31,"column":19},"end":{"line":31,"column":54}},"20":{"start":{"line":32,"column":4},"end":{"line":34,"column":5}},"21":{"start":{"line":33,"column":8},"end":{"line":33,"column":15}},"22":{"start":{"line":35,"column":18},"end":{"line":41,"column":52}},"23":{"start":{"line":43,"column":25},"end":{"line":50,"column":60}},"24":{"start":{"line":52,"column":4},"end":{"line":52,"column":56}},"25":{"start":{"line":57,"column":14},"end":{"line":96,"column":2}},"26":{"start":{"line":57,"column":52},"end":{"line":96,"column":2}},"27":{"start":{"line":58,"column":18},"end":{"line":58,"column":32}},"28":{"start":{"line":59,"column":21},"end":{"line":59,"column":38}},"29":{"start":{"line":60,"column":4},"end":{"line":63,"column":5}},"30":{"start":{"line":61,"column":8},"end":{"line":61,"column":64}},"31":{"start":{"line":62,"column":8},"end":{"line":62,"column":15}},"32":{"start":{"line":64,"column":4},"end":{"line":95,"column":5}},"33":{"start":{"line":65,"column":21},"end":{"line":65,"column":62}},"34":{"start":{"line":66,"column":8},"end":{"line":69,"column":9}},"35":{"start":{"line":67,"column":12},"end":{"line":67,"column":60}},"36":{"start":{"line":68,"column":12},"end":{"line":68,"column":19}},"37":{"start":{"line":70,"column":30},"end":{"line":70,"column":76}},"38":{"start":{"line":71,"column":8},"end":{"line":74,"column":9}},"39":{"start":{"line":72,"column":12},"end":{"line":72,"column":60}},"40":{"start":{"line":73,"column":12},"end":{"line":73,"column":19}},"41":{"start":{"line":77,"column":23},"end":{"line":77,"column":47}},"42":{"start":{"line":78,"column":8},"end":{"line":81,"column":9}},"43":{"start":{"line":79,"column":12},"end":{"line":79,"column":63}},"44":{"start":{"line":80,"column":12},"end":{"line":80,"column":19}},"45":{"start":{"line":83,"column":8},"end":{"line":83,"column":52}},"46":{"start":{"line":84,"column":8},"end":{"line":84,"column":26}},"47":{"start":{"line":86,"column":8},"end":{"line":91,"column":11}},"48":{"start":{"line":93,"column":8},"end":{"line":93,"column":34}},"49":{"start":{"line":94,"column":8},"end":{"line":94,"column":15}},"50":{"start":{"line":103,"column":15},"end":{"line":141,"column":2}},"51":{"start":{"line":103,"column":53},"end":{"line":141,"column":2}},"52":{"start":{"line":104,"column":25},"end":{"line":104,"column":46}},"53":{"start":{"line":105,"column":4},"end":{"line":108,"column":5}},"54":{"start":{"line":106,"column":8},"end":{"line":106,"column":58}},"55":{"start":{"line":107,"column":8},"end":{"line":107,"column":15}},"56":{"start":{"line":111,"column":4},"end":{"line":114,"column":5}},"57":{"start":{"line":112,"column":8},"end":{"line":112,"column":59}},"58":{"start":{"line":113,"column":8},"end":{"line":113,"column":15}},"59":{"start":{"line":115,"column":4},"end":{"line":140,"column":7}},"60":{"start":{"line":115,"column":93},"end":{"line":140,"column":6}},"61":{"start":{"line":116,"column":8},"end":{"line":119,"column":9}},"62":{"start":{"line":117,"column":12},"end":{"line":117,"column":58}},"63":{"start":{"line":118,"column":12},"end":{"line":118,"column":19}},"64":{"start":{"line":120,"column":24},"end":{"line":120,"column":44}},"65":{"start":{"line":121,"column":8},"end":{"line":139,"column":9}},"66":{"start":{"line":122,"column":25},"end":{"line":122,"column":70}},"67":{"start":{"line":123,"column":12},"end":{"line":126,"column":13}},"68":{"start":{"line":124,"column":16},"end":{"line":124,"column":62}},"69":{"start":{"line":125,"column":16},"end":{"line":125,"column":23}},"70":{"start":{"line":127,"column":12},"end":{"line":132,"column":13}},"71":{"start":{"line":128,"column":16},"end":{"line":128,"column":62}},"72":{"start":{"line":129,"column":16},"end":{"line":129,"column":39}},"73":{"start":{"line":130,"column":16},"end":{"line":130,"column":34}},"74":{"start":{"line":131,"column":16},"end":{"line":131,"column":23}},"75":{"start":{"line":133,"column":12},"end":{"line":133,"column":91}},"76":{"start":{"line":133,"column":68},"end":{"line":133,"column":89}},"77":{"start":{"line":134,"column":12},"end":{"line":134,"column":30}},"78":{"start":{"line":135,"column":12},"end":{"line":135,"column":47}},"79":{"start":{"line":138,"column":12},"end":{"line":138,"column":58}},"80":{"start":{"line":143,"column":16},"end":{"line":201,"column":2}},"81":{"start":{"line":143,"column":54},"end":{"line":201,"column":2}},"82":{"start":{"line":145,"column":26},"end":{"line":145,"column":47}},"83":{"start":{"line":146,"column":4},"end":{"line":149,"column":5}},"84":{"start":{"line":147,"column":8},"end":{"line":147,"column":58}},"85":{"start":{"line":148,"column":8},"end":{"line":148,"column":15}},"86":{"start":{"line":150,"column":4},"end":{"line":153,"column":5}},"87":{"start":{"line":151,"column":8},"end":{"line":151,"column":59}},"88":{"start":{"line":152,"column":8},"end":{"line":152,"column":15}},"89":{"start":{"line":154,"column":4},"end":{"line":200,"column":7}},"90":{"start":{"line":154,"column":94},"end":{"line":200,"column":6}},"91":{"start":{"line":155,"column":8},"end":{"line":158,"column":9}},"92":{"start":{"line":156,"column":12},"end":{"line":156,"column":58}},"93":{"start":{"line":157,"column":12},"end":{"line":157,"column":19}},"94":{"start":{"line":160,"column":24},"end":{"line":160,"column":44}},"95":{"start":{"line":161,"column":8},"end":{"line":199,"column":9}},"96":{"start":{"line":162,"column":25},"end":{"line":162,"column":70}},"97":{"start":{"line":163,"column":12},"end":{"line":166,"column":13}},"98":{"start":{"line":164,"column":16},"end":{"line":164,"column":62}},"99":{"start":{"line":165,"column":16},"end":{"line":165,"column":23}},"100":{"start":{"line":168,"column":12},"end":{"line":173,"column":13}},"101":{"start":{"line":169,"column":16},"end":{"line":169,"column":39}},"102":{"start":{"line":170,"column":16},"end":{"line":170,"column":34}},"103":{"start":{"line":171,"column":16},"end":{"line":171,"column":62}},"104":{"start":{"line":172,"column":16},"end":{"line":172,"column":23}},"105":{"start":{"line":176,"column":30},"end":{"line":176,"column":54}},"106":{"start":{"line":177,"column":12},"end":{"line":182,"column":13}},"107":{"start":{"line":178,"column":16},"end":{"line":178,"column":39}},"108":{"start":{"line":179,"column":16},"end":{"line":179,"column":34}},"109":{"start":{"line":180,"column":16},"end":{"line":180,"column":67}},"110":{"start":{"line":181,"column":16},"end":{"line":181,"column":23}},"111":{"start":{"line":185,"column":12},"end":{"line":185,"column":92}},"112":{"start":{"line":185,"column":68},"end":{"line":185,"column":90}},"113":{"start":{"line":188,"column":12},"end":{"line":188,"column":59}},"114":{"start":{"line":189,"column":12},"end":{"line":189,"column":30}},"115":{"start":{"line":192,"column":12},"end":{"line":195,"column":15}},"116":{"start":{"line":198,"column":12},"end":{"line":198,"column":58}},"117":{"start":{"line":206,"column":34},"end":{"line":225,"column":1}},"118":{"start":{"line":207,"column":23},"end":{"line":207,"column":51}},"119":{"start":{"line":208,"column":18},"end":{"line":208,"column":56}},"120":{"start":{"line":209,"column":4},"end":{"line":212,"column":5}},"121":{"start":{"line":210,"column":8},"end":{"line":210,"column":46}},"122":{"start":{"line":211,"column":8},"end":{"line":211,"column":15}},"123":{"start":{"line":213,"column":4},"end":{"line":216,"column":5}},"124":{"start":{"line":214,"column":8},"end":{"line":214,"column":60}},"125":{"start":{"line":215,"column":8},"end":{"line":215,"column":15}},"126":{"start":{"line":217,"column":4},"end":{"line":224,"column":7}},"127":{"start":{"line":218,"column":8},"end":{"line":221,"column":9}},"128":{"start":{"line":219,"column":12},"end":{"line":219,"column":50}},"129":{"start":{"line":220,"column":12},"end":{"line":220,"column":19}},"130":{"start":{"line":222,"column":8},"end":{"line":222,"column":39}},"131":{"start":{"line":223,"column":8},"end":{"line":223,"column":15}},"132":{"start":{"line":206,"column":13},"end":{"line":206,"column":34}},"133":{"start":{"line":228,"column":0},"end":{"line":233,"column":2}}},"fnMap":{"0":{"name":"(anonymous_8)","decl":{"start":{"line":6,"column":17},"end":{"line":6,"column":24}},"loc":{"start":{"line":6,"column":55},"end":{"line":26,"column":2}}},"1":{"name":"(anonymous_9)","decl":{"start":{"line":6,"column":55},"end":{"line":6,"column":null}},"loc":{"start":{"line":6,"column":55},"end":{"line":26,"column":1}}},"2":{"name":"(anonymous_10)","decl":{"start":{"line":30,"column":23},"end":{"line":30,"column":24}},"loc":{"start":{"line":30,"column":80},"end":{"line":53,"column":1}}},"3":{"name":"(anonymous_11)","decl":{"start":{"line":57,"column":14},"end":{"line":57,"column":21}},"loc":{"start":{"line":57,"column":52},"end":{"line":96,"column":2}}},"4":{"name":"(anonymous_12)","decl":{"start":{"line":57,"column":52},"end":{"line":57,"column":null}},"loc":{"start":{"line":57,"column":52},"end":{"line":96,"column":1}}},"5":{"name":"(anonymous_13)","decl":{"start":{"line":103,"column":15},"end":{"line":103,"column":22}},"loc":{"start":{"line":103,"column":53},"end":{"line":141,"column":2}}},"6":{"name":"(anonymous_14)","decl":{"start":{"line":103,"column":53},"end":{"line":103,"column":null}},"loc":{"start":{"line":103,"column":53},"end":{"line":141,"column":1}}},"7":{"name":"(anonymous_15)","decl":{"start":{"line":115,"column":55},"end":{"line":115,"column":62}},"loc":{"start":{"line":115,"column":93},"end":{"line":140,"column":6}}},"8":{"name":"(anonymous_16)","decl":{"start":{"line":115,"column":93},"end":{"line":115,"column":null}},"loc":{"start":{"line":115,"column":93},"end":{"line":140,"column":5}}},"9":{"name":"(anonymous_17)","decl":{"start":{"line":133,"column":57},"end":{"line":133,"column":58}},"loc":{"start":{"line":133,"column":68},"end":{"line":133,"column":89}}},"10":{"name":"(anonymous_18)","decl":{"start":{"line":143,"column":16},"end":{"line":143,"column":23}},"loc":{"start":{"line":143,"column":54},"end":{"line":201,"column":2}}},"11":{"name":"(anonymous_19)","decl":{"start":{"line":143,"column":54},"end":{"line":143,"column":null}},"loc":{"start":{"line":143,"column":54},"end":{"line":201,"column":1}}},"12":{"name":"(anonymous_20)","decl":{"start":{"line":154,"column":56},"end":{"line":154,"column":63}},"loc":{"start":{"line":154,"column":94},"end":{"line":200,"column":6}}},"13":{"name":"(anonymous_21)","decl":{"start":{"line":154,"column":94},"end":{"line":154,"column":null}},"loc":{"start":{"line":154,"column":94},"end":{"line":200,"column":5}}},"14":{"name":"(anonymous_22)","decl":{"start":{"line":185,"column":57},"end":{"line":185,"column":58}},"loc":{"start":{"line":185,"column":68},"end":{"line":185,"column":90}}},"15":{"name":"(anonymous_23)","decl":{"start":{"line":206,"column":34},"end":{"line":206,"column":35}},"loc":{"start":{"line":206,"column":86},"end":{"line":225,"column":1}}},"16":{"name":"(anonymous_24)","decl":{"start":{"line":217,"column":48},"end":{"line":217,"column":49}},"loc":{"start":{"line":217,"column":79},"end":{"line":224,"column":5}}}},"branchMap":{"0":{"loc":{"start":{"line":9,"column":4},"end":{"line":12,"column":5}},"type":"if","locations":[{"start":{"line":9,"column":4},"end":{"line":12,"column":5}}]},"1":{"loc":{"start":{"line":9,"column":8},"end":{"line":9,"column":27}},"type":"binary-expr","locations":[{"start":{"line":9,"column":8},"end":{"line":9,"column":14}},{"start":{"line":9,"column":18},"end":{"line":9,"column":27}}]},"2":{"loc":{"start":{"line":32,"column":4},"end":{"line":34,"column":5}},"type":"if","locations":[{"start":{"line":32,"column":4},"end":{"line":34,"column":5}}]},"3":{"loc":{"start":{"line":60,"column":4},"end":{"line":63,"column":5}},"type":"if","locations":[{"start":{"line":60,"column":4},"end":{"line":63,"column":5}}]},"4":{"loc":{"start":{"line":60,"column":8},"end":{"line":60,"column":27}},"type":"binary-expr","locations":[{"start":{"line":60,"column":8},"end":{"line":60,"column":14}},{"start":{"line":60,"column":18},"end":{"line":60,"column":27}}]},"5":{"loc":{"start":{"line":66,"column":8},"end":{"line":69,"column":9}},"type":"if","locations":[{"start":{"line":66,"column":8},"end":{"line":69,"column":9}}]},"6":{"loc":{"start":{"line":71,"column":8},"end":{"line":74,"column":9}},"type":"if","locations":[{"start":{"line":71,"column":8},"end":{"line":74,"column":9}}]},"7":{"loc":{"start":{"line":78,"column":8},"end":{"line":81,"column":9}},"type":"if","locations":[{"start":{"line":78,"column":8},"end":{"line":81,"column":9}}]},"8":{"loc":{"start":{"line":105,"column":4},"end":{"line":108,"column":5}},"type":"if","locations":[{"start":{"line":105,"column":4},"end":{"line":108,"column":5}}]},"9":{"loc":{"start":{"line":111,"column":4},"end":{"line":114,"column":5}},"type":"if","locations":[{"start":{"line":111,"column":4},"end":{"line":114,"column":5}}]},"10":{"loc":{"start":{"line":116,"column":8},"end":{"line":119,"column":9}},"type":"if","locations":[{"start":{"line":116,"column":8},"end":{"line":119,"column":9}}]},"11":{"loc":{"start":{"line":123,"column":12},"end":{"line":126,"column":13}},"type":"if","locations":[{"start":{"line":123,"column":12},"end":{"line":126,"column":13}}]},"12":{"loc":{"start":{"line":127,"column":12},"end":{"line":132,"column":13}},"type":"if","locations":[{"start":{"line":127,"column":12},"end":{"line":132,"column":13}}]},"13":{"loc":{"start":{"line":127,"column":16},"end":{"line":127,"column":79}},"type":"binary-expr","locations":[{"start":{"line":127,"column":16},"end":{"line":127,"column":34}},{"start":{"line":127,"column":38},"end":{"line":127,"column":79}}]},"14":{"loc":{"start":{"line":146,"column":4},"end":{"line":149,"column":5}},"type":"if","locations":[{"start":{"line":146,"column":4},"end":{"line":149,"column":5}}]},"15":{"loc":{"start":{"line":150,"column":4},"end":{"line":153,"column":5}},"type":"if","locations":[{"start":{"line":150,"column":4},"end":{"line":153,"column":5}}]},"16":{"loc":{"start":{"line":155,"column":8},"end":{"line":158,"column":9}},"type":"if","locations":[{"start":{"line":155,"column":8},"end":{"line":158,"column":9}}]},"17":{"loc":{"start":{"line":163,"column":12},"end":{"line":166,"column":13}},"type":"if","locations":[{"start":{"line":163,"column":12},"end":{"line":166,"column":13}}]},"18":{"loc":{"start":{"line":168,"column":12},"end":{"line":173,"column":13}},"type":"if","locations":[{"start":{"line":168,"column":12},"end":{"line":173,"column":13}}]},"19":{"loc":{"start":{"line":168,"column":16},"end":{"line":168,"column":80}},"type":"binary-expr","locations":[{"start":{"line":168,"column":16},"end":{"line":168,"column":34}},{"start":{"line":168,"column":38},"end":{"line":168,"column":80}}]},"20":{"loc":{"start":{"line":177,"column":12},"end":{"line":182,"column":13}},"type":"if","locations":[{"start":{"line":177,"column":12},"end":{"line":182,"column":13}}]},"21":{"loc":{"start":{"line":208,"column":18},"end":{"line":208,"column":56}},"type":"binary-expr","locations":[{"start":{"line":208,"column":18},"end":{"line":208,"column":28}},{"start":{"line":208,"column":32},"end":{"line":208,"column":56}}]},"22":{"loc":{"start":{"line":209,"column":4},"end":{"line":212,"column":5}},"type":"if","locations":[{"start":{"line":209,"column":4},"end":{"line":212,"column":5}}]},"23":{"loc":{"start":{"line":213,"column":4},"end":{"line":216,"column":5}},"type":"if","locations":[{"start":{"line":213,"column":4},"end":{"line":216,"column":5}}]},"24":{"loc":{"start":{"line":218,"column":8},"end":{"line":221,"column":9}},"type":"if","locations":[{"start":{"line":218,"column":8},"end":{"line":221,"column":9}}]}},"s":{"0":3,"1":3,"2":3,"3":3,"4":5,"5":5,"6":5,"7":5,"8":1,"9":1,"10":4,"11":4,"12":4,"13":4,"14":3,"15":3,"16":1,"17":1,"18":3,"19":10,"20":10,"21":1,"22":9,"23":9,"24":9,"25":3,"26":11,"27":11,"28":11,"29":11,"30":1,"31":1,"32":10,"33":10,"34":9,"35":1,"36":1,"37":8,"38":8,"39":1,"40":1,"41":7,"42":7,"43":1,"44":1,"45":6,"46":6,"47":6,"48":1,"49":1,"50":3,"51":3,"52":3,"53":3,"54":1,"55":1,"56":2,"57":1,"58":1,"59":1,"60":1,"61":1,"62":0,"63":0,"64":1,"65":1,"66":1,"67":1,"68":0,"69":0,"70":1,"71":0,"72":0,"73":0,"74":0,"75":1,"76":2,"77":1,"78":1,"79":0,"80":3,"81":9,"82":9,"83":9,"84":1,"85":1,"86":8,"87":1,"88":1,"89":7,"90":7,"91":7,"92":1,"93":1,"94":6,"95":6,"96":6,"97":6,"98":0,"99":0,"100":6,"101":3,"102":3,"103":3,"104":3,"105":3,"106":3,"107":0,"108":0,"109":0,"110":0,"111":3,"112":4,"113":3,"114":3,"115":3,"116":0,"117":3,"118":18,"119":18,"120":18,"121":1,"122":1,"123":17,"124":1,"125":1,"126":16,"127":16,"128":2,"129":2,"130":14,"131":14,"132":3,"133":3},"f":{"0":5,"1":5,"2":10,"3":11,"4":11,"5":3,"6":3,"7":1,"8":1,"9":2,"10":9,"11":9,"12":7,"13":7,"14":4,"15":18,"16":16},"b":{"0":[1],"1":[5,5],"2":[1],"3":[1],"4":[11,11],"5":[1],"6":[1],"7":[1],"8":[1],"9":[1],"10":[0],"11":[0],"12":[0],"13":[1,1],"14":[1],"15":[1],"16":[1],"17":[0],"18":[3],"19":[6,6],"20":[0],"21":[18,17],"22":[1],"23":[1],"24":[2]}}
,"C:\\Users\\orbac\\VS Projects\\Matala_1_webapp\\Web_App_Assignments\\src\\controllers\\base_controller.ts": {"path":"C:\\Users\\orbac\\VS Projects\\Matala_1_webapp\\Web_App_Assignments\\src\\controllers\\base_controller.ts","statementMap":{"0":{"start":{"line":7,"column":4},"end":{"line":7,"column":23}},"1":{"start":{"line":11,"column":16},"end":{"line":11,"column":35}},"2":{"start":{"line":12,"column":4},"end":{"line":17,"column":5}},"3":{"start":{"line":13,"column":19},"end":{"line":13,"column":62}},"4":{"start":{"line":14,"column":6},"end":{"line":14,"column":33}},"5":{"start":{"line":16,"column":6},"end":{"line":16,"column":42}},"6":{"start":{"line":22,"column":15},"end":{"line":22,"column":28}},"7":{"start":{"line":23,"column":4},"end":{"line":32,"column":5}},"8":{"start":{"line":24,"column":19},"end":{"line":24,"column":48}},"9":{"start":{"line":25,"column":6},"end":{"line":29,"column":7}},"10":{"start":{"line":26,"column":8},"end":{"line":26,"column":23}},"11":{"start":{"line":28,"column":8},"end":{"line":28,"column":47}},"12":{"start":{"line":31,"column":6},"end":{"line":31,"column":42}},"13":{"start":{"line":36,"column":16},"end":{"line":36,"column":32}},"14":{"start":{"line":37,"column":4},"end":{"line":45,"column":5}},"15":{"start":{"line":38,"column":19},"end":{"line":40,"column":null}},"16":{"start":{"line":42,"column":6},"end":{"line":42,"column":33}},"17":{"start":{"line":44,"column":6},"end":{"line":44,"column":34}},"18":{"start":{"line":50,"column":15},"end":{"line":50,"column":28}},"19":{"start":{"line":51,"column":4},"end":{"line":51,"column":36}},"20":{"start":{"line":52,"column":4},"end":{"line":60,"column":5}},"21":{"start":{"line":53,"column":27},"end":{"line":53,"column":66}},"22":{"start":{"line":54,"column":6},"end":{"line":57,"column":48}},"23":{"start":{"line":55,"column":8},"end":{"line":55,"column":60}},"24":{"start":{"line":57,"column":11},"end":{"line":57,"column":48}},"25":{"start":{"line":59,"column":6},"end":{"line":59,"column":34}},"26":{"start":{"line":66,"column":15},"end":{"line":66,"column":28}},"27":{"start":{"line":67,"column":23},"end":{"line":67,"column":31}},"28":{"start":{"line":69,"column":4},"end":{"line":82,"column":5}},"29":{"start":{"line":70,"column":26},"end":{"line":73,"column":8}},"30":{"start":{"line":75,"column":6},"end":{"line":77,"column":7}},"31":{"start":{"line":76,"column":8},"end":{"line":76,"column":67}},"32":{"start":{"line":79,"column":6},"end":{"line":79,"column":40}},"33":{"start":{"line":81,"column":6},"end":{"line":81,"column":51}},"34":{"start":{"line":4,"column":0},"end":{"line":4,"column":13}},"35":{"start":{"line":86,"column":25},"end":{"line":88,"column":1}},"36":{"start":{"line":87,"column":2},"end":{"line":87,"column":35}},"37":{"start":{"line":89,"column":0},"end":{"line":89,"column":32}}},"fnMap":{"0":{"name":"(anonymous_7)","decl":{"start":{"line":6,"column":2},"end":{"line":6,"column":14}},"loc":{"start":{"line":6,"column":29},"end":{"line":8,"column":3}}},"1":{"name":"(anonymous_8)","decl":{"start":{"line":10,"column":8},"end":{"line":10,"column":14}},"loc":{"start":{"line":10,"column":42},"end":{"line":18,"column":4}}},"2":{"name":"(anonymous_10)","decl":{"start":{"line":21,"column":8},"end":{"line":21,"column":15}},"loc":{"start":{"line":21,"column":43},"end":{"line":33,"column":4}}},"3":{"name":"(anonymous_12)","decl":{"start":{"line":35,"column":8},"end":{"line":35,"column":18}},"loc":{"start":{"line":35,"column":46},"end":{"line":46,"column":4}}},"4":{"name":"(anonymous_14)","decl":{"start":{"line":49,"column":8},"end":{"line":49,"column":18}},"loc":{"start":{"line":49,"column":46},"end":{"line":61,"column":null}}},"5":{"name":"(anonymous_16)","decl":{"start":{"line":65,"column":8},"end":{"line":65,"column":22}},"loc":{"start":{"line":65,"column":50},"end":{"line":83,"column":null}}},"6":{"name":"(anonymous_18)","decl":{"start":{"line":86,"column":25},"end":{"line":86,"column":29}},"loc":{"start":{"line":86,"column":48},"end":{"line":88,"column":1}}}},"branchMap":{"0":{"loc":{"start":{"line":25,"column":6},"end":{"line":29,"column":7}},"type":"if","locations":[{"start":{"line":25,"column":6},"end":{"line":29,"column":7}},{"start":{"line":27,"column":13},"end":{"line":29,"column":7}}]},"1":{"loc":{"start":{"line":54,"column":6},"end":{"line":57,"column":48}},"type":"if","locations":[{"start":{"line":54,"column":6},"end":{"line":57,"column":48}},{"start":{"line":57,"column":11},"end":{"line":57,"column":48}}]},"2":{"loc":{"start":{"line":75,"column":6},"end":{"line":77,"column":7}},"type":"if","locations":[{"start":{"line":75,"column":6},"end":{"line":77,"column":7}}]}},"s":{"0":6,"1":6,"2":6,"3":6,"4":6,"5":0,"6":10,"7":10,"8":10,"9":8,"10":2,"11":6,"12":2,"13":6,"14":6,"15":6,"16":4,"17":2,"18":4,"19":4,"20":4,"21":4,"22":3,"23":1,"24":2,"25":1,"26":4,"27":4,"28":4,"29":4,"30":3,"31":1,"32":2,"33":1,"34":3,"35":3,"36":6,"37":3},"f":{"0":6,"1":6,"2":10,"3":6,"4":4,"5":4,"6":6},"b":{"0":[2,6],"1":[1,2],"2":[1]}}
,"C:\\Users\\orbac\\VS Projects\\Matala_1_webapp\\Web_App_Assignments\\src\\controllers\\comments_controller.ts": {"path":"C:\\Users\\orbac\\VS Projects\\Matala_1_webapp\\Web_App_Assignments\\src\\controllers\\comments_controller.ts","statementMap":{"0":{"start":{"line":1,"column":0},"end":{"line":1,"column":67}},"1":{"start":{"line":4,"column":0},"end":{"line":4,"column":49}},"2":{"start":{"line":6,"column":27},"end":{"line":6,"column":67}},"3":{"start":{"line":9,"column":0},"end":{"line":9,"column":34}}},"fnMap":{},"branchMap":{},"s":{"0":3,"1":3,"2":3,"3":3},"f":{},"b":{}}
,"C:\\Users\\orbac\\VS Projects\\Matala_1_webapp\\Web_App_Assignments\\src\\controllers\\posts_controller.ts": {"path":"C:\\Users\\orbac\\VS Projects\\Matala_1_webapp\\Web_App_Assignments\\src\\controllers\\posts_controller.ts","statementMap":{"0":{"start":{"line":1,"column":0},"end":{"line":1,"column":58}},"1":{"start":{"line":2,"column":0},"end":{"line":2,"column":49}},"2":{"start":{"line":4,"column":24},"end":{"line":4,"column":58}},"3":{"start":{"line":7,"column":0},"end":{"line":7,"column":31}}},"fnMap":{},"branchMap":{},"s":{"0":3,"1":3,"2":3,"3":3},"f":{},"b":{}}
,"C:\\Users\\orbac\\VS Projects\\Matala_1_webapp\\Web_App_Assignments\\src\\models\\comments_models.ts": {"path":"C:\\Users\\orbac\\VS Projects\\Matala_1_webapp\\Web_App_Assignments\\src\\models\\comments_models.ts","statementMap":{"0":{"start":{"line":1,"column":0},"end":{"line":1,"column":32}},"1":{"start":{"line":9,"column":21},"end":{"line":22,"column":2}},"2":{"start":{"line":24,"column":19},"end":{"line":24,"column":69}},"3":{"start":{"line":25,"column":0},"end":{"line":25,"column":28}}},"fnMap":{},"branchMap":{},"s":{"0":3,"1":3,"2":3,"3":3},"f":{},"b":{}}
,"C:\\Users\\orbac\\VS Projects\\Matala_1_webapp\\Web_App_Assignments\\src\\models\\posts_models.ts": {"path":"C:\\Users\\orbac\\VS Projects\\Matala_1_webapp\\Web_App_Assignments\\src\\models\\posts_models.ts","statementMap":{"0":{"start":{"line":1,"column":0},"end":{"line":1,"column":32}},"1":{"start":{"line":9,"column":18},"end":{"line":19,"column":2}},"2":{"start":{"line":21,"column":17},"end":{"line":21,"column":58}},"3":{"start":{"line":22,"column":0},"end":{"line":22,"column":25}}},"fnMap":{},"branchMap":{},"s":{"0":3,"1":3,"2":3,"3":3},"f":{},"b":{}}
,"C:\\Users\\orbac\\VS Projects\\Matala_1_webapp\\Web_App_Assignments\\src\\models\\user_models.ts": {"path":"C:\\Users\\orbac\\VS Projects\\Matala_1_webapp\\Web_App_Assignments\\src\\models\\user_models.ts","statementMap":{"0":{"start":{"line":1,"column":0},"end":{"line":1,"column":32}},"1":{"start":{"line":10,"column":18},"end":{"line":24,"column":2}},"2":{"start":{"line":26,"column":17},"end":{"line":26,"column":58}},"3":{"start":{"line":27,"column":0},"end":{"line":27,"column":25}}},"fnMap":{},"branchMap":{},"s":{"0":3,"1":3,"2":3,"3":3},"f":{},"b":{}}
,"C:\\Users\\orbac\\VS Projects\\Matala_1_webapp\\Web_App_Assignments\\src\\routes\\auth_routes.ts": {"path":"C:\\Users\\orbac\\VS Projects\\Matala_1_webapp\\Web_App_Assignments\\src\\routes\\auth_routes.ts","statementMap":{"0":{"start":{"line":1,"column":0},"end":{"line":1,"column":30}},"1":{"start":{"line":2,"column":0},"end":{"line":2,"column":60}},"2":{"start":{"line":4,"column":15},"end":{"line":4,"column":31}},"3":{"start":{"line":61,"column":0},"end":{"line":61,"column":50}},"4":{"start":{"line":99,"column":0},"end":{"line":99,"column":44}},"5":{"start":{"line":101,"column":0},"end":{"line":101,"column":46}},"6":{"start":{"line":103,"column":0},"end":{"line":103,"column":48}},"7":{"start":{"line":105,"column":0},"end":{"line":105,"column":22}}},"fnMap":{},"branchMap":{},"s":{"0":3,"1":3,"2":3,"3":3,"4":3,"5":3,"6":3,"7":3},"f":{},"b":{}}
,"C:\\Users\\orbac\\VS Projects\\Matala_1_webapp\\Web_App_Assignments\\src\\routes\\comments_routes.ts": {"path":"C:\\Users\\orbac\\VS Projects\\Matala_1_webapp\\Web_App_Assignments\\src\\routes\\comments_routes.ts","statementMap":{"0":{"start":{"line":1,"column":0},"end":{"line":1,"column":30}},"1":{"start":{"line":2,"column":15},"end":{"line":2,"column":31}},"2":{"start":{"line":3,"column":0},"end":{"line":3,"column":68}},"3":{"start":{"line":4,"column":0},"end":{"line":4,"column":68}},"4":{"start":{"line":40,"column":0},"end":{"line":40,"column":68}},"5":{"start":{"line":76,"column":0},"end":{"line":76,"column":72}},"6":{"start":{"line":129,"column":0},"end":{"line":129,"column":93}},"7":{"start":{"line":184,"column":0},"end":{"line":184,"column":99}},"8":{"start":{"line":211,"column":0},"end":{"line":211,"column":98}},"9":{"start":{"line":213,"column":0},"end":{"line":213,"column":22}}},"fnMap":{},"branchMap":{},"s":{"0":3,"1":3,"2":3,"3":3,"4":3,"5":3,"6":3,"7":3,"8":3,"9":3},"f":{},"b":{}}
,"C:\\Users\\orbac\\VS Projects\\Matala_1_webapp\\Web_App_Assignments\\src\\routes\\posts_routes.ts": {"path":"C:\\Users\\orbac\\VS Projects\\Matala_1_webapp\\Web_App_Assignments\\src\\routes\\posts_routes.ts","statementMap":{"0":{"start":{"line":1,"column":0},"end":{"line":1,"column":30}},"1":{"start":{"line":2,"column":0},"end":{"line":2,"column":68}},"2":{"start":{"line":3,"column":0},"end":{"line":3,"column":62}},"3":{"start":{"line":4,"column":15},"end":{"line":4,"column":31}},"4":{"start":{"line":40,"column":0},"end":{"line":40,"column":62}},"5":{"start":{"line":76,"column":0},"end":{"line":76,"column":66}},"6":{"start":{"line":126,"column":0},"end":{"line":126,"column":87}},"7":{"start":{"line":186,"column":0},"end":{"line":186,"column":93}},"8":{"start":{"line":211,"column":0},"end":{"line":211,"column":92}},"9":{"start":{"line":214,"column":0},"end":{"line":214,"column":22}}},"fnMap":{},"branchMap":{},"s":{"0":3,"1":3,"2":3,"3":3,"4":3,"5":3,"6":3,"7":3,"8":3,"9":3},"f":{},"b":{}}
}
