TN:
SF:src\server.ts
FN:37,(anonymous_8)
FN:37,(anonymous_9)
FN:38,(anonymous_10)
FN:40,(anonymous_11)
FN:41,(anonymous_12)
FN:47,(anonymous_13)
FNF:6
FNH:5
FNDA:3,(anonymous_8)
FNDA:3,(anonymous_9)
FNDA:3,(anonymous_10)
FNDA:0,(anonymous_11)
FNDA:3,(anonymous_12)
FNDA:3,(anonymous_13)
DA:1,3
DA:2,3
DA:3,3
DA:4,3
DA:5,3
DA:6,3
DA:7,3
DA:8,3
DA:9,3
DA:12,3
DA:13,3
DA:15,3
DA:16,3
DA:17,3
DA:18,3
DA:19,3
DA:21,3
DA:33,3
DA:34,3
DA:37,3
DA:38,3
DA:39,3
DA:40,3
DA:41,3
DA:42,3
DA:44,3
DA:45,0
DA:47,3
DA:48,3
DA:53,3
LF:30
LH:29
BRDA:44,0,0,0
BRDA:44,0,1,3
BRF:2
BRH:1
end_of_record
TN:
SF:src\controllers\auth_controller.ts
FN:6,(anonymous_8)
FN:6,(anonymous_9)
FN:30,(anonymous_10)
FN:57,(anonymous_11)
FN:57,(anonymous_12)
FN:103,(anonymous_13)
FN:103,(anonymous_14)
FN:115,(anonymous_15)
FN:115,(anonymous_16)
FN:133,(anonymous_17)
FN:143,(anonymous_18)
FN:143,(anonymous_19)
FN:154,(anonymous_20)
FN:154,(anonymous_21)
FN:185,(anonymous_22)
FN:206,(anonymous_23)
FN:217,(anonymous_24)
FNF:17
FNH:17
FNDA:5,(anonymous_8)
FNDA:5,(anonymous_9)
FNDA:10,(anonymous_10)
FNDA:11,(anonymous_11)
FNDA:11,(anonymous_12)
FNDA:3,(anonymous_13)
FNDA:3,(anonymous_14)
FNDA:1,(anonymous_15)
FNDA:1,(anonymous_16)
FNDA:2,(anonymous_17)
FNDA:9,(anonymous_18)
FNDA:9,(anonymous_19)
FNDA:7,(anonymous_20)
FNDA:7,(anonymous_21)
FNDA:4,(anonymous_22)
FNDA:18,(anonymous_23)
FNDA:16,(anonymous_24)
DA:2,3
DA:3,3
DA:4,3
DA:6,5
DA:7,5
DA:8,5
DA:9,5
DA:10,1
DA:11,1
DA:13,4
DA:14,4
DA:15,4
DA:16,4
DA:20,3
DA:21,3
DA:23,1
DA:24,1
DA:30,3
DA:31,10
DA:32,10
DA:33,1
DA:35,9
DA:43,9
DA:52,9
DA:57,11
DA:58,11
DA:59,11
DA:60,11
DA:61,1
DA:62,1
DA:64,10
DA:65,10
DA:66,9
DA:67,1
DA:68,1
DA:70,8
DA:71,8
DA:72,1
DA:73,1
DA:77,7
DA:78,7
DA:79,1
DA:80,1
DA:83,6
DA:84,6
DA:86,6
DA:93,1
DA:94,1
DA:103,3
DA:104,3
DA:105,3
DA:106,1
DA:107,1
DA:111,2
DA:112,1
DA:113,1
DA:115,1
DA:116,1
DA:117,0
DA:118,0
DA:120,1
DA:121,1
DA:122,1
DA:123,1
DA:124,0
DA:125,0
DA:127,1
DA:128,0
DA:129,0
DA:130,0
DA:131,0
DA:133,2
DA:134,1
DA:135,1
DA:138,0
DA:143,9
DA:145,9
DA:146,9
DA:147,1
DA:148,1
DA:150,8
DA:151,1
DA:152,1
DA:154,7
DA:155,7
DA:156,1
DA:157,1
DA:160,6
DA:161,6
DA:162,6
DA:163,6
DA:164,0
DA:165,0
DA:168,6
DA:169,3
DA:170,3
DA:171,3
DA:172,3
DA:176,3
DA:177,3
DA:178,0
DA:179,0
DA:180,0
DA:181,0
DA:185,4
DA:188,3
DA:189,3
DA:192,3
DA:198,0
DA:206,3
DA:207,18
DA:208,18
DA:209,18
DA:210,1
DA:211,1
DA:213,17
DA:214,1
DA:215,1
DA:217,16
DA:218,16
DA:219,2
DA:220,2
DA:222,14
DA:223,14
DA:228,3
LF:125
LH:109
BRDA:9,0,0,1
BRDA:9,1,0,5
BRDA:9,1,1,5
BRDA:32,2,0,1
BRDA:60,3,0,1
BRDA:60,4,0,11
BRDA:60,4,1,11
BRDA:66,5,0,1
BRDA:71,6,0,1
BRDA:78,7,0,1
BRDA:105,8,0,1
BRDA:111,9,0,1
BRDA:116,10,0,0
BRDA:123,11,0,0
BRDA:127,12,0,0
BRDA:127,13,0,1
BRDA:127,13,1,1
BRDA:146,14,0,1
BRDA:150,15,0,1
BRDA:155,16,0,1
BRDA:163,17,0,0
BRDA:168,18,0,3
BRDA:168,19,0,6
BRDA:168,19,1,6
BRDA:177,20,0,0
BRDA:208,21,0,18
BRDA:208,21,1,17
BRDA:209,22,0,1
BRDA:213,23,0,1
BRDA:218,24,0,2
BRF:30
BRH:25
end_of_record
TN:
SF:src\controllers\base_controller.ts
FN:6,(anonymous_7)
FN:10,(anonymous_8)
FN:21,(anonymous_10)
FN:35,(anonymous_12)
FN:45,(anonymous_14)
FN:61,(anonymous_16)
FN:82,(anonymous_18)
FNF:7
FNH:6
FNDA:6,(anonymous_7)
FNDA:6,(anonymous_8)
FNDA:10,(anonymous_10)
FNDA:6,(anonymous_12)
FNDA:4,(anonymous_14)
FNDA:4,(anonymous_16)
FNDA:0,(anonymous_18)
DA:4,3
DA:7,6
DA:11,6
DA:12,6
DA:13,6
DA:14,6
DA:16,0
DA:22,10
DA:23,10
DA:24,10
DA:25,8
DA:26,2
DA:28,6
DA:31,2
DA:36,6
DA:37,6
DA:38,4
DA:40,2
DA:46,4
DA:47,4
DA:48,4
DA:49,4
DA:50,3
DA:51,1
DA:53,2
DA:55,1
DA:62,4
DA:63,4
DA:65,4
DA:66,4
DA:71,3
DA:72,1
DA:75,2
DA:77,1
DA:82,3
DA:83,0
DA:85,3
LF:37
LH:35
BRDA:25,0,0,2
BRDA:25,0,1,6
BRDA:50,1,0,1
BRDA:50,1,1,2
BRDA:71,2,0,1
BRF:5
BRH:5
end_of_record
TN:
SF:src\controllers\comments_controller.ts
FN:7,(anonymous_8)
FN:10,(anonymous_9)
FNF:2
FNH:2
FNDA:3,(anonymous_8)
FNDA:2,(anonymous_9)
DA:1,3
DA:3,3
DA:8,3
DA:11,2
DA:12,2
DA:16,2
DA:17,2
DA:21,3
LF:8
LH:8
BRF:0
BRH:0
end_of_record
TN:
SF:src\controllers\posts_controller.ts
FN:6,(anonymous_8)
FN:9,(anonymous_9)
FNF:2
FNH:2
FNDA:3,(anonymous_8)
FNDA:4,(anonymous_9)
DA:1,3
DA:2,3
DA:7,3
DA:10,4
DA:11,4
DA:15,4
DA:16,4
DA:21,3
LF:8
LH:8
BRF:0
BRH:0
end_of_record
TN:
SF:src\models\comments_models.ts
FNF:0
FNH:0
DA:1,3
DA:9,3
DA:24,3
DA:25,3
LF:4
LH:4
BRF:0
BRH:0
end_of_record
TN:
SF:src\models\posts_models.ts
FNF:0
FNH:0
DA:1,3
DA:9,3
DA:21,3
DA:22,3
LF:4
LH:4
BRF:0
BRH:0
end_of_record
TN:
SF:src\models\user_models.ts
FNF:0
FNH:0
DA:1,3
DA:10,3
DA:26,3
DA:27,3
LF:4
LH:4
BRF:0
BRH:0
end_of_record
TN:
SF:src\routes\auth_routes.ts
FNF:0
FNH:0
DA:1,3
DA:2,3
DA:4,3
DA:6,3
DA:8,3
DA:10,3
DA:12,3
DA:14,3
LF:8
LH:8
BRF:0
BRH:0
end_of_record
TN:
SF:src\routes\comments_routes.ts
FNF:0
FNH:0
DA:1,3
DA:2,3
DA:3,3
DA:4,3
DA:7,3
DA:9,3
DA:11,3
DA:13,3
DA:15,3
DA:17,3
LF:10
LH:10
BRF:0
BRH:0
end_of_record
TN:
SF:src\routes\posts_routes.ts
FNF:0
FNH:0
DA:1,3
DA:2,3
DA:3,3
DA:5,3
DA:7,3
DA:9,3
DA:11,3
DA:13,3
DA:15,3
DA:18,3
LF:10
LH:10
BRF:0
BRH:0
end_of_record
